<?xml version="1.0" encoding="UTF-8"?>
<!-- Generated by org.testng.reporters.JUnitXMLReporter -->
<testsuite ignored="0" hostname="AslamB" failures="0" tests="3" name="Test" time="25.711" errors="0" timestamp="2023-10-28T21:39:34 IST">
  <testcase classname="testPack.TC001_verifyLogin" name="verifyLogin" time="2.313"/>
  <testcase classname="testPack.TC001_verifyLogin" name="verifyLogin" time="4.064"/>
  <testcase classname="testPack.TC001_verifyLogin" name="verifyLogin" time="2.689"/>
</testsuite> <!-- Test -->
