<?xml version="1.0" encoding="UTF-8"?>
<testng-results ignored="0" total="3" passed="3" failed="0" skipped="0">
  <reporter-output>
  </reporter-output>
  <suite started-at="2023-10-28T21:39:09 IST" name="Suite" finished-at="2023-10-28T21:39:34 IST" duration-ms="25711">
    <groups>
    </groups>
    <test started-at="2023-10-28T21:39:09 IST" name="Test" finished-at="2023-10-28T21:39:34 IST" duration-ms="25711">
      <class name="testPack.TC001_verifyLogin">
        <test-method is-config="true" signature="setUp(java.lang.String)[pri:0, instance:testPack.TC001_verifyLogin@397fbdb]" started-at="2023-10-28T21:39:09 IST" name="setUp" finished-at="2023-10-28T21:39:24 IST" duration-ms="15919" status="PASS">
          <params>
            <param index="0">
              <value>
                <![CDATA[edge]]>
              </value>
            </param>
          </params>
          <reporter-output>
          </reporter-output>
        </test-method> <!-- setUp -->
        <test-method is-config="true" signature="beforeClass()[pri:0, instance:testPack.TC001_verifyLogin@397fbdb]" started-at="2023-10-28T21:39:25 IST" name="beforeClass" finished-at="2023-10-28T21:39:25 IST" duration-ms="99" status="PASS">
          <reporter-output>
          </reporter-output>
        </test-method> <!-- beforeClass -->
        <test-method is-config="true" signature="beforeMethod()[pri:0, instance:testPack.TC001_verifyLogin@397fbdb]" started-at="2023-10-28T21:39:25 IST" name="beforeMethod" finished-at="2023-10-28T21:39:25 IST" duration-ms="2" status="PASS">
          <reporter-output>
          </reporter-output>
        </test-method> <!-- beforeMethod -->
        <test-method signature="verifyLogin(java.lang.String,java.lang.String)[pri:0, instance:testPack.TC001_verifyLogin@397fbdb]" started-at="2023-10-28T21:39:25 IST" name="verifyLogin" data-provider="demoAbData" finished-at="2023-10-28T21:39:27 IST" duration-ms="2313" status="PASS">
          <params>
            <param index="0">
              <value>
                <![CDATA[ADMIN]]>
              </value>
            </param>
            <param index="1">
              <value>
                <![CDATA[ADMIN123]]>
              </value>
            </param>
          </params>
          <reporter-output>
          </reporter-output>
        </test-method> <!-- verifyLogin -->
        <test-method is-config="true" signature="beforeMethod()[pri:0, instance:testPack.TC001_verifyLogin@397fbdb]" started-at="2023-10-28T21:39:27 IST" name="beforeMethod" finished-at="2023-10-28T21:39:27 IST" duration-ms="1" status="PASS">
          <reporter-output>
          </reporter-output>
        </test-method> <!-- beforeMethod -->
        <test-method signature="verifyLogin(java.lang.String,java.lang.String)[pri:0, instance:testPack.TC001_verifyLogin@397fbdb]" started-at="2023-10-28T21:39:27 IST" name="verifyLogin" data-provider="demoAbData" finished-at="2023-10-28T21:39:31 IST" duration-ms="4064" status="PASS">
          <params>
            <param index="0">
              <value>
                <![CDATA[Admin]]>
              </value>
            </param>
            <param index="1">
              <value>
                <![CDATA[ADMIN123]]>
              </value>
            </param>
          </params>
          <reporter-output>
          </reporter-output>
        </test-method> <!-- verifyLogin -->
        <test-method signature="verifyLogin(java.lang.String,java.lang.String)[pri:0, instance:testPack.TC001_verifyLogin@397fbdb]" started-at="2023-10-28T21:39:31 IST" name="verifyLogin" data-provider="demoAbData" finished-at="2023-10-28T21:39:34 IST" duration-ms="2689" status="PASS">
          <params>
            <param index="0">
              <value>
                <![CDATA[Admin]]>
              </value>
            </param>
            <param index="1">
              <value>
                <![CDATA[admin123]]>
              </value>
            </param>
          </params>
          <reporter-output>
          </reporter-output>
        </test-method> <!-- verifyLogin -->
        <test-method is-config="true" signature="beforeMethod()[pri:0, instance:testPack.TC001_verifyLogin@397fbdb]" started-at="2023-10-28T21:39:31 IST" name="beforeMethod" finished-at="2023-10-28T21:39:31 IST" duration-ms="0" status="PASS">
          <reporter-output>
          </reporter-output>
        </test-method> <!-- beforeMethod -->
        <test-method is-config="true" signature="afterClass()[pri:0, instance:testPack.TC001_verifyLogin@397fbdb]" started-at="2023-10-28T21:39:34 IST" name="afterClass" finished-at="2023-10-28T21:39:34 IST" duration-ms="269" status="PASS">
          <reporter-output>
          </reporter-output>
        </test-method> <!-- afterClass -->
        <test-method is-config="true" signature="teardown()[pri:0, instance:testPack.TC001_verifyLogin@397fbdb]" started-at="2023-10-28T21:39:34 IST" name="teardown" finished-at="2023-10-28T21:39:34 IST" duration-ms="228" status="PASS">
          <reporter-output>
          </reporter-output>
        </test-method> <!-- teardown -->
      </class> <!-- testPack.TC001_verifyLogin -->
    </test> <!-- Test -->
  </suite> <!-- Suite -->
</testng-results>
